{"level":"info","message":"GET /overview/IndependentStore?language=en 0ms Time: Wed Sep 05 2018 11:51:25 GMT+0800 (CST)","timestamp":"2018-09-05T03:51:25.712Z"}
{"level":"info","message":"GET /_nuxt/manifest.js 0ms Time: Wed Sep 05 2018 11:51:25 GMT+0800 (CST)","timestamp":"2018-09-05T03:51:25.866Z"}
{"level":"info","message":"GET /_nuxt/vendor.js 0ms Time: Wed Sep 05 2018 11:51:25 GMT+0800 (CST)","timestamp":"2018-09-05T03:51:25.869Z"}
{"level":"info","message":"GET /_nuxt/app.js 0ms Time: Wed Sep 05 2018 11:51:25 GMT+0800 (CST)","timestamp":"2018-09-05T03:51:25.871Z"}
{"level":"info","message":"GET /_nuxt/layouts/default.js 0ms Time: Wed Sep 05 2018 11:51:25 GMT+0800 (CST)","timestamp":"2018-09-05T03:51:25.872Z"}
{"level":"info","message":"GET /_nuxt/pages/overview/IndependentStore/index.js 0ms Time: Wed Sep 05 2018 11:51:25 GMT+0800 (CST)","timestamp":"2018-09-05T03:51:25.874Z"}
{"level":"info","message":"GET /libs/echarts.min.js 0ms Time: Wed Sep 05 2018 11:51:25 GMT+0800 (CST)","timestamp":"2018-09-05T03:51:25.883Z"}
{"level":"info","message":"GET /_nuxt/pages/overview/index.js 0ms Time: Wed Sep 05 2018 11:51:26 GMT+0800 (CST)","timestamp":"2018-09-05T03:51:26.509Z"}
{"level":"info","message":"GET /_nuxt/pages/baseAnalysis/index.js 0ms Time: Wed Sep 05 2018 11:51:26 GMT+0800 (CST)","timestamp":"2018-09-05T03:51:26.547Z"}
{"level":"info","message":"GET /_nuxt/pages/baseAnalysis/Thermal/index.js 0ms Time: Wed Sep 05 2018 11:51:26 GMT+0800 (CST)","timestamp":"2018-09-05T03:51:26.562Z"}
{"level":"info","message":"GET /_nuxt/pages/baseAnalysis/Report/index.js 0ms Time: Wed Sep 05 2018 11:51:26 GMT+0800 (CST)","timestamp":"2018-09-05T03:51:26.571Z"}
{"level":"info","message":"GET /_nuxt/pages/baseAnalysis/RemotePatrol/index.js 0ms Time: Wed Sep 05 2018 11:51:26 GMT+0800 (CST)","timestamp":"2018-09-05T03:51:26.578Z"}
{"level":"info","message":"GET /_nuxt/pages/baseAnalysis/FittingAnalysis/index.js 0ms Time: Wed Sep 05 2018 11:51:26 GMT+0800 (CST)","timestamp":"2018-09-05T03:51:26.588Z"}
{"level":"info","message":"GET /_nuxt/pages/advancedAnalysis/index.js 0ms Time: Wed Sep 05 2018 11:51:26 GMT+0800 (CST)","timestamp":"2018-09-05T03:51:26.593Z"}
{"level":"info","message":"GET /_nuxt/pages/advancedAnalysis/StoreComparisonAnalysis/index.js 0ms Time: Wed Sep 05 2018 11:51:26 GMT+0800 (CST)","timestamp":"2018-09-05T03:51:26.681Z"}
{"level":"info","message":"GET /_nuxt/pages/Setting/index.js 0ms Time: Wed Sep 05 2018 11:51:26 GMT+0800 (CST)","timestamp":"2018-09-05T03:51:26.706Z"}
{"level":"info","message":"GET /_nuxt/pages/Setting/DataManagement/index.js 0ms Time: Wed Sep 05 2018 11:51:26 GMT+0800 (CST)","timestamp":"2018-09-05T03:51:26.707Z"}
{"level":"info","message":"GET /_nuxt/pages/index.js 0ms Time: Wed Sep 05 2018 11:51:26 GMT+0800 (CST)","timestamp":"2018-09-05T03:51:26.707Z"}
{"level":"info","message":"GET /_nuxt/pages/about.js 0ms Time: Wed Sep 05 2018 11:51:26 GMT+0800 (CST)","timestamp":"2018-09-05T03:51:26.708Z"}
{"level":"info","message":"GET /_nuxt/img/logo.ee79e5b.png 0ms Time: Wed Sep 05 2018 11:51:26 GMT+0800 (CST)","timestamp":"2018-09-05T03:51:26.765Z"}
{"level":"info","message":"GET /_nuxt/fonts/element-icons.2fad952.woff 0ms Time: Wed Sep 05 2018 11:51:26 GMT+0800 (CST)","timestamp":"2018-09-05T03:51:26.840Z"}
{"level":"info","message":"GET /_nuxt/manifest.js.map 0ms Time: Wed Sep 05 2018 11:51:26 GMT+0800 (CST)","timestamp":"2018-09-05T03:51:26.893Z"}
{"level":"info","message":"GET /_nuxt/layouts/default.js.map 0ms Time: Wed Sep 05 2018 11:51:26 GMT+0800 (CST)","timestamp":"2018-09-05T03:51:26.895Z"}
{"level":"info","message":"GET /_nuxt/pages/overview/IndependentStore/index.js.map 0ms Time: Wed Sep 05 2018 11:51:26 GMT+0800 (CST)","timestamp":"2018-09-05T03:51:26.896Z"}
{"level":"info","message":"GET /_nuxt/vendor.js.map 0ms Time: Wed Sep 05 2018 11:51:27 GMT+0800 (CST)","timestamp":"2018-09-05T03:51:27.755Z"}
{"level":"info","message":"GET /_nuxt/app.js.map 0ms Time: Wed Sep 05 2018 11:51:27 GMT+0800 (CST)","timestamp":"2018-09-05T03:51:27.757Z"}
{"level":"info","message":"GET /overview?language=en 0ms Time: Wed Sep 05 2018 11:51:31 GMT+0800 (CST)","timestamp":"2018-09-05T03:51:31.255Z"}
{"level":"info","message":"GET /__webpack_hmr 0ms Time: Wed Sep 05 2018 11:51:31 GMT+0800 (CST)","timestamp":"2018-09-05T03:51:31.265Z"}
{"level":"info","message":"GET /_nuxt/manifest.js 0ms Time: Wed Sep 05 2018 11:51:31 GMT+0800 (CST)","timestamp":"2018-09-05T03:51:31.333Z"}
{"level":"info","message":"GET /_nuxt/vendor.js 0ms Time: Wed Sep 05 2018 11:51:31 GMT+0800 (CST)","timestamp":"2018-09-05T03:51:31.335Z"}
{"level":"info","message":"GET /_nuxt/app.js 0ms Time: Wed Sep 05 2018 11:51:31 GMT+0800 (CST)","timestamp":"2018-09-05T03:51:31.336Z"}
{"level":"info","message":"GET /_nuxt/layouts/default.js 0ms Time: Wed Sep 05 2018 11:51:31 GMT+0800 (CST)","timestamp":"2018-09-05T03:51:31.337Z"}
{"level":"info","message":"GET /libs/echarts.min.js 0ms Time: Wed Sep 05 2018 11:51:31 GMT+0800 (CST)","timestamp":"2018-09-05T03:51:31.347Z"}
{"level":"info","message":"GET /_nuxt/pages/overview/IndependentStore/index.js 0ms Time: Wed Sep 05 2018 11:51:31 GMT+0800 (CST)","timestamp":"2018-09-05T03:51:31.605Z"}
{"level":"info","message":"GET /_nuxt/pages/baseAnalysis/index.js 0ms Time: Wed Sep 05 2018 11:51:31 GMT+0800 (CST)","timestamp":"2018-09-05T03:51:31.691Z"}
{"level":"info","message":"GET /_nuxt/pages/baseAnalysis/Thermal/index.js 0ms Time: Wed Sep 05 2018 11:51:31 GMT+0800 (CST)","timestamp":"2018-09-05T03:51:31.706Z"}
{"level":"info","message":"GET /_nuxt/pages/baseAnalysis/Report/index.js 0ms Time: Wed Sep 05 2018 11:51:31 GMT+0800 (CST)","timestamp":"2018-09-05T03:51:31.719Z"}
{"level":"info","message":"GET /_nuxt/pages/baseAnalysis/RemotePatrol/index.js 0ms Time: Wed Sep 05 2018 11:51:31 GMT+0800 (CST)","timestamp":"2018-09-05T03:51:31.720Z"}
{"level":"info","message":"GET /_nuxt/pages/baseAnalysis/FittingAnalysis/index.js 0ms Time: Wed Sep 05 2018 11:51:31 GMT+0800 (CST)","timestamp":"2018-09-05T03:51:31.739Z"}
{"level":"info","message":"GET /_nuxt/pages/advancedAnalysis/index.js 0ms Time: Wed Sep 05 2018 11:51:31 GMT+0800 (CST)","timestamp":"2018-09-05T03:51:31.740Z"}
{"level":"info","message":"GET /_nuxt/pages/advancedAnalysis/StoreComparisonAnalysis/index.js 0ms Time: Wed Sep 05 2018 11:51:31 GMT+0800 (CST)","timestamp":"2018-09-05T03:51:31.804Z"}
{"level":"info","message":"GET /_nuxt/pages/Setting/index.js 0ms Time: Wed Sep 05 2018 11:51:31 GMT+0800 (CST)","timestamp":"2018-09-05T03:51:31.806Z"}
{"level":"info","message":"GET /_nuxt/pages/Setting/DataManagement/index.js 0ms Time: Wed Sep 05 2018 11:51:31 GMT+0800 (CST)","timestamp":"2018-09-05T03:51:31.806Z"}
{"level":"info","message":"GET /_nuxt/pages/index.js 0ms Time: Wed Sep 05 2018 11:51:31 GMT+0800 (CST)","timestamp":"2018-09-05T03:51:31.807Z"}
{"level":"info","message":"GET /_nuxt/pages/about.js 0ms Time: Wed Sep 05 2018 11:51:31 GMT+0800 (CST)","timestamp":"2018-09-05T03:51:31.814Z"}
{"level":"info","message":"GET /_nuxt/manifest.js.map 0ms Time: Wed Sep 05 2018 11:51:31 GMT+0800 (CST)","timestamp":"2018-09-05T03:51:31.823Z"}
{"level":"info","message":"GET /_nuxt/layouts/default.js.map 0ms Time: Wed Sep 05 2018 11:51:31 GMT+0800 (CST)","timestamp":"2018-09-05T03:51:31.824Z"}
{"level":"info","message":"GET /_nuxt/pages/overview/index.js.map 0ms Time: Wed Sep 05 2018 11:51:31 GMT+0800 (CST)","timestamp":"2018-09-05T03:51:31.824Z"}
{"level":"info","message":"GET /_nuxt/img/logo.ee79e5b.png 0ms Time: Wed Sep 05 2018 11:51:31 GMT+0800 (CST)","timestamp":"2018-09-05T03:51:31.950Z"}
{"level":"info","message":"GET /_nuxt/fonts/element-icons.2fad952.woff 0ms Time: Wed Sep 05 2018 11:51:32 GMT+0800 (CST)","timestamp":"2018-09-05T03:51:32.005Z"}
{"level":"info","message":"GET /_nuxt/vendor.js.map 0ms Time: Wed Sep 05 2018 11:51:32 GMT+0800 (CST)","timestamp":"2018-09-05T03:51:32.735Z"}
{"level":"info","message":"GET /_nuxt/app.js.map 0ms Time: Wed Sep 05 2018 11:51:32 GMT+0800 (CST)","timestamp":"2018-09-05T03:51:32.736Z"}
